2026-01-10T17:50:05.253519Z  INFO telemetry: job_telemetry_init artifact_type=installed branch=094939693df ci_number=20251212.2 ci_name=CommonRuntime-RuntimeTeam-Linux-Prod-Build build_time=2025-12-13 07:26:09.218231
2026-01-10T17:50:05.256716Z  INFO run_execution_wrapper: execution_wrapper: Successfully dumped bootstrapping environment to file
2026-01-10T17:50:05.256814Z  INFO run_execution_wrapper: execution_wrapper: Enable std log streaming is not specified in executor configuration, default to not stream logs to stdout and stderr
2026-01-10T17:50:05.256864Z  INFO run_execution_wrapper: execution_wrapper: Enable termination signal handling is not specified in executor configuration, default to ignore termination signals
2026-01-10T17:50:05.256899Z  INFO run_execution_wrapper: execution_wrapper: Executor config not provided, certificates will not be updated.
2026-01-10T17:50:05.257192Z  INFO run_execution_wrapper:execution-wrapper::run_service{path_mapping_kind=None error_pattern_json_files_post_execution=None error_pattern_json_file_mid_execution=None enable_std_log_streaming=false skip_user_log_file_generation=false enable_termination_signal_handling=false}: execution_wrapper::service: serving execution service at executor_address=/mnt/azureml/cr/j/4e9ecc8d8d904acb990e489b7ed3923d/.grpc/executor:0
2026-01-10T17:50:05.257297Z  INFO run_execution_wrapper:execution-wrapper::run_service{path_mapping_kind=None error_pattern_json_files_post_execution=None error_pattern_json_file_mid_execution=None enable_std_log_streaming=false skip_user_log_file_generation=false enable_termination_signal_handling=false}: cr_core: Successfully configured current process to ignore termination signals
2026-01-10T17:50:05.257543Z  INFO run_execution_wrapper:execution-wrapper::run_service{path_mapping_kind=None error_pattern_json_files_post_execution=None error_pattern_json_file_mid_execution=None enable_std_log_streaming=false skip_user_log_file_generation=false enable_termination_signal_handling=false}:serve: grpc_utils::endpoint::serve: serving gRPC service endpoint=Uds("/mnt/azureml/cr/j/4e9ecc8d8d904acb990e489b7ed3923d/.grpc/executor:0") retry=ExponentialBackoffRetry { retry_delay_secs: 2, delay_factor: 1000, num_retries: 3 }
2026-01-10T17:50:05.267166Z  INFO ExecutionServicer::run: grpc_utils::server: Got grpc request request_name="run" remote_addr=None
2026-01-10T17:50:05.267509Z  INFO ExecutionServicer::run: execution_wrapper::service: file /opt/microsoft/singularity/unasignal/StopUserNode exists: false path=/opt/microsoft/singularity/unasignal/StopUserNode
2026-01-10T17:50:05.267686Z  INFO ExecutionServicer::run:ExecutionServicer::spawn_execution{wait_execution_completion=false}: execution_wrapper::service: spawn_execution request id="9870fa16-03b0-4c6f-bda8-ba399252a24d" client_address=Some("/mnt/azureml/cr/j/4e9ecc8d8d904acb990e489b7ed3923d/.grpc/lifecycler:0")
2026-01-10T17:50:05.268079Z  WARN ExecutionServicer::run:ExecutionServicer::spawn_execution{wait_execution_completion=false}:inject_legacy_env_vars: execution_wrapper::legacy_env_vars: Skip injecting legacy env vars, distributed config is None, setting only the defaults
2026-01-10T17:50:05.268163Z  INFO ExecutionServicer::run:ExecutionServicer::spawn_execution{wait_execution_completion=false}:inject_legacy_env_vars: execution_wrapper::legacy_env_vars: Injecting AZ_BATCHAI_JOB_WORK_DIR=/mnt/azureml/cr/j/4e9ecc8d8d904acb990e489b7ed3923d/exe/wd working_dir="/mnt/azureml/cr/j/4e9ecc8d8d904acb990e489b7ed3923d/exe/wd"
2026-01-10T17:50:05.268185Z  INFO ExecutionServicer::run:ExecutionServicer::spawn_execution{wait_execution_completion=false}:inject_legacy_env_vars: execution_wrapper::legacy_env_vars: Injecting AZUREML_PROCESS_NAME=main as default
2026-01-10T17:50:05.268259Z  INFO ExecutionServicer::run:ExecutionServicer::spawn_execution{wait_execution_completion=false}:inject_legacy_env_vars:get_gpu_count: execution_wrapper::common: Get ComputeContext from env success compute_context=ComputeContext { cluster_name: "cpu-cluster-49738", node_id: Literal("tvmps_b8448becb507c0ca8454ad41abad6e8165272623d71806f2c86c68b28d53510a_d"), vm_id: Some("e79cf482-b8f7-4ea4-8f9d-709ae9de1b0f"), run_attempt_count: 1, gpu_count: Some(0), vm_size: Some("STANDARD_DS2_V2"), readable_cluster_name: Some("cpu-cluster-49738"), vm_priority: Some(Dedicated), use_vnet_or_private_link: false }
2026-01-10T17:50:05.268292Z  INFO ExecutionServicer::run:ExecutionServicer::spawn_execution{wait_execution_completion=false}:inject_legacy_env_vars:get_gpu_count: execution_wrapper::common: close time.busy=82.5µs time.idle=3.20µs
2026-01-10T17:50:05.268316Z  INFO ExecutionServicer::run:ExecutionServicer::spawn_execution{wait_execution_completion=false}:inject_legacy_env_vars:override_dc_env_vars: execution_wrapper::dc_env_vars: Updated env AZUREML_CR_EXECUTOR_CONFIG for spawned process
2026-01-10T17:50:05.268333Z  INFO ExecutionServicer::run:ExecutionServicer::spawn_execution{wait_execution_completion=false}:inject_legacy_env_vars:override_dc_env_vars: execution_wrapper::dc_env_vars: Env var AZUREML_CR_DISTRIBUTED_CONFIG is empty for current process
2026-01-10T17:50:05.268344Z  INFO ExecutionServicer::run:ExecutionServicer::spawn_execution{wait_execution_completion=false}:inject_legacy_env_vars:override_dc_env_vars: execution_wrapper::dc_env_vars: Updated env AZUREML_SERVICE_ENDPOINT for spawned process
2026-01-10T17:50:05.268355Z  INFO ExecutionServicer::run:ExecutionServicer::spawn_execution{wait_execution_completion=false}:inject_legacy_env_vars:override_dc_env_vars: execution_wrapper::dc_env_vars: Updated env AZUREML_SERVICE_CERT_ENDPOINT for spawned process
2026-01-10T17:50:05.268369Z  INFO ExecutionServicer::run:ExecutionServicer::spawn_execution{wait_execution_completion=false}:inject_legacy_env_vars:override_dc_env_vars: execution_wrapper::dc_env_vars: Updated env AZUREML_DISCOVERY_SERVICE_ENDPOINT for spawned process
2026-01-10T17:50:05.268382Z  INFO ExecutionServicer::run:ExecutionServicer::spawn_execution{wait_execution_completion=false}:inject_legacy_env_vars:override_dc_env_vars: execution_wrapper::dc_env_vars: Env var AZUREML_DEV_URL_MLFLOW is empty for current process
2026-01-10T17:50:05.268399Z  INFO ExecutionServicer::run:ExecutionServicer::spawn_execution{wait_execution_completion=false}:inject_legacy_env_vars:override_dc_env_vars: execution_wrapper::dc_env_vars: Updated env AZUREML_RUN_HISTORY_SERVICE_ENDPOINT for spawned process
2026-01-10T17:50:05.268413Z  INFO ExecutionServicer::run:ExecutionServicer::spawn_execution{wait_execution_completion=false}:inject_legacy_env_vars:override_dc_env_vars: execution_wrapper::dc_env_vars: close time.busy=98.1µs time.idle=1.90µs
2026-01-10T17:50:05.268419Z  INFO ExecutionServicer::run:ExecutionServicer::spawn_execution{wait_execution_completion=false}:inject_legacy_env_vars: execution_wrapper::legacy_env_vars: close time.busy=341µs time.idle=4.30µs
2026-01-10T17:50:05.268439Z  INFO ExecutionServicer::run:ExecutionServicer::spawn_execution{wait_execution_completion=false}: execution_wrapper::infiniband_utils: Is InfiniBand device present: false infiniband_device_path="/dev/infiniband/uverbs0"
2026-01-10T17:50:05.268454Z  INFO ExecutionServicer::run:ExecutionServicer::spawn_execution{wait_execution_completion=false}: execution_wrapper::service: Spawning execution
2026-01-10T17:50:05.274963Z  INFO ExecutionServicer::run:ExecutionServicer::spawn_execution{wait_execution_completion=false}:Execution::parse_commands: execution_wrapper::command_resolvers::shell: Using detected user shell: "/bin/bash" shell="/bin/bash"
2026-01-10T17:50:05.275133Z  INFO ExecutionServicer::run:ExecutionServicer::spawn_execution{wait_execution_completion=false}:Execution::parse_commands: execution_wrapper::execution: close time.busy=6.51ms time.idle=2.50µs
2026-01-10T17:50:05.275690Z  INFO ExecutionServicer::run:ExecutionServicer::spawn_execution{wait_execution_completion=false}:Execution::spawn{wait_execution_completion=false}: execution_wrapper::execution: Spawning target process
2026-01-10T17:50:05.277097Z  INFO ExecutionServicer::run:ExecutionServicer::spawn_execution{wait_execution_completion=false}:Execution::spawn{wait_execution_completion=false}: execution_wrapper::execution: execution process spawned pid=12
2026-01-10T17:50:05.277349Z  INFO execution_wrapper::execution: start waiting for processes execution to complete num_processes=1
2026-01-10T17:50:05.277486Z  INFO Execution::wait_for_completion: execution_wrapper::execution::process_manager: ProcessManagerExecution state changing from PendingExecution to PendingExecution
2026-01-10T17:50:06.229592Z  INFO Execution::wait_for_completion: execution_wrapper::execution::process_manager: ProcessManagerExecution state changing from PendingExecution to ExecutionCompleted
2026-01-10T17:50:06.229806Z  INFO Execution::wait_for_completion: execution_wrapper::execution::process_manager: Start collecting process exit statuses
2026-01-10T17:50:06.229889Z  INFO Execution::wait_for_completion: execution_wrapper::execution::process_manager: Successfully collected the exit status of user process pid=12 process_name=python killed_by_process_manager=false
2026-01-10T17:50:06.229975Z  INFO Execution::wait_for_completion: execution_wrapper::execution::process_manager: Process manager successfully collected the exit statuses of all user processes on current node
2026-01-10T17:50:06.230024Z  INFO Execution::wait_for_completion: execution_wrapper::execution::process_manager: ProcessManagerExecution state changing from ExecutionCompleted to CleanupStreamingTasks
2026-01-10T17:50:06.230127Z  INFO Execution::wait_for_completion: execution_wrapper::execution::process_manager: Start cleaning up execution log streaming tasks
2026-01-10T17:50:06.230190Z  INFO Execution::wait_for_completion: execution_wrapper::execution::process_manager: Process manager successfully aborted all streaming tasks for current execution
2026-01-10T17:50:06.230263Z  INFO Execution::wait_for_completion: execution_wrapper::execution: Gathered execution result for rank 0 process_rank=0 exit_code=0 stderr_path=Some("user_logs/std_log.txt")
2026-01-10T17:50:06.230370Z  INFO Execution::wait_for_completion: execution_wrapper::execution: [wait_for_completion] execution process completed.
2026-01-10T17:50:06.230458Z  WARN Execution::wait_for_completion:ExecutionFinalizer::on_exit:ExecutionFinalizer::complete_execution: grpc_utils::span: failed to inject span context to grpc request
2026-01-10T17:50:06.230487Z  INFO Execution::wait_for_completion:ExecutionFinalizer::on_exit:ExecutionFinalizer::complete_execution:execution-wrapper::connect_to_callback_service: execution_wrapper::service: connecting to callback endpoint: /mnt/azureml/cr/j/4e9ecc8d8d904acb990e489b7ed3923d/.grpc/lifecycler:0 client_address=/mnt/azureml/cr/j/4e9ecc8d8d904acb990e489b7ed3923d/.grpc/lifecycler:0
2026-01-10T17:50:06.230615Z  INFO Execution::wait_for_completion:ExecutionFinalizer::on_exit:ExecutionFinalizer::complete_execution:execution-wrapper::connect_to_callback_service:connect: grpc_utils::endpoint::connect: Connecting to gRPC service endpoint=Uds("/mnt/azureml/cr/j/4e9ecc8d8d904acb990e489b7ed3923d/.grpc/lifecycler:0") retry=FixedIntervalRetry { attempt_timeout_millis: 50, retry_delay_millis: 10, max_duration: 600s }
2026-01-10T17:50:06.230994Z  INFO Execution::wait_for_completion:ExecutionFinalizer::on_exit:ExecutionFinalizer::complete_execution:execution-wrapper::connect_to_callback_service:connect: grpc_utils::endpoint::connect: Successfully connected to gRPC service endpoint=Uds("/mnt/azureml/cr/j/4e9ecc8d8d904acb990e489b7ed3923d/.grpc/lifecycler:0")
2026-01-10T17:50:06.231141Z  INFO Execution::wait_for_completion:ExecutionFinalizer::on_exit:ExecutionFinalizer::complete_execution:execution-wrapper::connect_to_callback_service:connect: grpc_utils::endpoint::connect: close time.busy=372µs time.idle=157µs
2026-01-10T17:50:06.231169Z  INFO Execution::wait_for_completion:ExecutionFinalizer::on_exit:ExecutionFinalizer::complete_execution:execution-wrapper::connect_to_callback_service: execution_wrapper::service: close time.busy=534µs time.idle=152µs
2026-01-10T17:50:06.232487Z  INFO Execution::wait_for_completion:ExecutionFinalizer::on_exit:ExecutionFinalizer::complete_execution: execution_wrapper::service: Completed execution id=9870fa16-03b0-4c6f-bda8-ba399252a24d
2026-01-10T17:50:06.232629Z  INFO Execution::wait_for_completion:ExecutionFinalizer::on_exit:ExecutionFinalizer::complete_execution: execution_wrapper::service: close time.busy=766µs time.idle=1.41ms
2026-01-10T17:50:06.232641Z  INFO Execution::wait_for_completion:ExecutionFinalizer::on_exit: execution_wrapper::service: close time.busy=818µs time.idle=1.42ms
2026-01-10T17:50:06.232647Z  INFO ExecutionServicer::run:ExecutionServicer::spawn_execution{wait_execution_completion=false}:Execution::spawn{wait_execution_completion=false}: execution_wrapper::execution: close time.busy=1.93ms time.idle=956ms
2026-01-10T17:50:06.232654Z  INFO ExecutionServicer::run:ExecutionServicer::spawn_execution{wait_execution_completion=false}: execution_wrapper::service: close time.busy=9.51ms time.idle=955ms
2026-01-10T17:50:06.232661Z  INFO ExecutionServicer::run: execution_wrapper::service: close time.busy=10.0ms time.idle=955ms
2026-01-10T17:50:06.232667Z  INFO Execution::wait_for_completion: execution_wrapper::execution: close time.busy=2.37ms time.idle=953ms
2026-01-10T17:50:06.232672Z  INFO execution_wrapper::execution: process execution completed
