2026-01-10T17:49:14.433706Z  INFO telemetry: job_telemetry_init artifact_type=installed branch=094939693df ci_number=20251212.2 ci_name=CommonRuntime-RuntimeTeam-Linux-Prod-Build build_time=2025-12-13 07:26:08.657773
2026-01-10T17:49:14.434827Z  INFO load_config_from_env: lifecycler::config: Resolved grpc addresses lifecycler_address=/mnt/azureml/cr/j/4e9ecc8d8d904acb990e489b7ed3923d/.grpc/lifecycler:0 executor_address=/mnt/azureml/cr/j/4e9ecc8d8d904acb990e489b7ed3923d/.grpc/executor:0
2026-01-10T17:49:14.435143Z  INFO load_config_from_env:load_capability_addresses_from_env{capability_endpoints_from_config={"CS_CAPABILITY": CapabilityEndpoint { name: "CS_CAPABILITY", address: "/mnt/azureml/cr/j/4e9ecc8d8d904acb990e489b7ed3923d/.grpc/cs-capability:0", type: Service }, "HOSTTOOLS_CAPABILITY": CapabilityEndpoint { name: "HOSTTOOLS_CAPABILITY", address: "/mnt/azureml/cr/j/4e9ecc8d8d904acb990e489b7ed3923d/.grpc/hosttools-capability:0", type: Service }, "METRICS_CAPABILITY": CapabilityEndpoint { name: "METRICS_CAPABILITY", address: "/mnt/azureml/cr/j/4e9ecc8d8d904acb990e489b7ed3923d/.grpc/metrics-capability:0", type: Service }, "SNAPSHOT_CAPABILITY": CapabilityEndpoint { name: "SNAPSHOT_CAPABILITY", address: "/mnt/azureml/cr/j/4e9ecc8d8d904acb990e489b7ed3923d/.grpc/snapshot-capability:0", type: Service }}}: lifecycler::config: close time.busy=210µs time.idle=17.5µs
2026-01-10T17:49:14.435342Z  INFO load_config_from_env: lifecycler::config: close time.busy=658µs time.idle=545µs
2026-01-10T17:49:14.435538Z  INFO run_lifecycler:run_service_and_step_through_lifecycle: lifecycler::lifecycle: distributed config is not specified, skip setting up distributed barrier
2026-01-10T17:49:14.435899Z  INFO Lifecycler::run_service{lifecycler_abort_state_writer=Some(LifecyclerAbortStateWriter { lifecycler_wd: "/mnt/azureml/cr/j/4e9ecc8d8d904acb990e489b7ed3923d/cap/lifecycler/wd" })}: lifecycler::service: serving lifecycle service address=/mnt/azureml/cr/j/4e9ecc8d8d904acb990e489b7ed3923d/.grpc/lifecycler:0
2026-01-10T17:49:14.436024Z  INFO Lifecycler::run_service{lifecycler_abort_state_writer=Some(LifecyclerAbortStateWriter { lifecycler_wd: "/mnt/azureml/cr/j/4e9ecc8d8d904acb990e489b7ed3923d/cap/lifecycler/wd" })}:serve_more: grpc_utils::endpoint::serve: serving gRPC service endpoint=Uds("/mnt/azureml/cr/j/4e9ecc8d8d904acb990e489b7ed3923d/.grpc/lifecycler:0") retry=ExponentialBackoffRetry { retry_delay_secs: 2, delay_factor: 1000, num_retries: 3 }
2026-01-10T17:49:14.437584Z  INFO run_lifecycler:run_service_and_step_through_lifecycle: lifecycler::lifecycle: Trying to configure lifecycler to ignore termination signals
2026-01-10T17:49:14.437714Z  INFO run_lifecycler:run_service_and_step_through_lifecycle: cr_core: Successfully configured current process to ignore termination signals
2026-01-10T17:49:14.439114Z  INFO run_lifecycler:run_service_and_step_through_lifecycle:step_through_lifecycle:connect_capabilities:connect: grpc_utils::endpoint::connect: Connecting to gRPC service endpoint=Uds("/mnt/azureml/cr/j/4e9ecc8d8d904acb990e489b7ed3923d/.grpc/cs-capability:0") retry=FixedIntervalRetry { attempt_timeout_millis: 50, retry_delay_millis: 10, max_duration: 7200s }
2026-01-10T17:49:34.657722Z  INFO run_lifecycler:run_service_and_step_through_lifecycle:step_through_lifecycle:connect_capabilities:connect: grpc_utils::endpoint::connect: Successfully connected to gRPC service endpoint=Uds("/mnt/azureml/cr/j/4e9ecc8d8d904acb990e489b7ed3923d/.grpc/cs-capability:0")
2026-01-10T17:49:34.657960Z  INFO run_lifecycler:run_service_and_step_through_lifecycle:step_through_lifecycle:connect_capabilities:connect: grpc_utils::endpoint::connect: close time.busy=114ms time.idle=20.1s
2026-01-10T17:49:34.658234Z  INFO run_lifecycler:run_service_and_step_through_lifecycle:step_through_lifecycle:connect_capabilities:connect: grpc_utils::endpoint::connect: Connecting to gRPC service endpoint=Uds("/mnt/azureml/cr/j/4e9ecc8d8d904acb990e489b7ed3923d/.grpc/cs-capability:0") retry=FixedIntervalRetry { attempt_timeout_millis: 50, retry_delay_millis: 10, max_duration: 7200s }
2026-01-10T17:49:34.658903Z  INFO run_lifecycler:run_service_and_step_through_lifecycle:step_through_lifecycle:connect_capabilities:connect: grpc_utils::endpoint::connect: Successfully connected to gRPC service endpoint=Uds("/mnt/azureml/cr/j/4e9ecc8d8d904acb990e489b7ed3923d/.grpc/cs-capability:0")
2026-01-10T17:49:34.659068Z  INFO run_lifecycler:run_service_and_step_through_lifecycle:step_through_lifecycle:connect_capabilities:connect: grpc_utils::endpoint::connect: close time.busy=815µs time.idle=24.8µs
2026-01-10T17:49:34.659361Z  INFO run_lifecycler:run_service_and_step_through_lifecycle:step_through_lifecycle:connect_capabilities:wait_for_service_healthy: lifecycler::health_monitor: Waiting for service to become healthy: CS_CAPABILITY service_name=CS_CAPABILITY timeout=30s
2026-01-10T17:49:34.659423Z  WARN run_lifecycler:run_service_and_step_through_lifecycle:step_through_lifecycle:connect_capabilities:wait_for_service_healthy: grpc_utils::span: failed to inject span context to grpc request
2026-01-10T17:49:34.664654Z  INFO run_lifecycler:run_service_and_step_through_lifecycle:step_through_lifecycle:connect_capabilities:wait_for_service_healthy: lifecycler::health_client: Health status for service: CS_CAPABILITY service_name=CS_CAPABILITY health_status=1
2026-01-10T17:49:34.664908Z  INFO run_lifecycler:run_service_and_step_through_lifecycle:step_through_lifecycle:connect_capabilities:wait_for_service_healthy: lifecycler::health_monitor: Service has become healthy service_name=CS_CAPABILITY
2026-01-10T17:49:34.665076Z  INFO run_lifecycler:run_service_and_step_through_lifecycle:step_through_lifecycle:connect_capabilities:wait_for_service_healthy: lifecycler::health_monitor: close time.busy=642µs time.idle=5.08ms
2026-01-10T17:49:34.665230Z  INFO run_lifecycler:run_service_and_step_through_lifecycle:step_through_lifecycle:connect_capabilities:connect: grpc_utils::endpoint::connect: Connecting to gRPC service endpoint=Uds("/mnt/azureml/cr/j/4e9ecc8d8d904acb990e489b7ed3923d/.grpc/hosttools-capability:0") retry=FixedIntervalRetry { attempt_timeout_millis: 50, retry_delay_millis: 10, max_duration: 7200s }
2026-01-10T17:49:34.665805Z  INFO run_lifecycler:run_service_and_step_through_lifecycle:step_through_lifecycle:connect_capabilities:connect: grpc_utils::endpoint::connect: Successfully connected to gRPC service endpoint=Uds("/mnt/azureml/cr/j/4e9ecc8d8d904acb990e489b7ed3923d/.grpc/hosttools-capability:0")
2026-01-10T17:49:34.665958Z  INFO run_lifecycler:run_service_and_step_through_lifecycle:step_through_lifecycle:connect_capabilities:connect: grpc_utils::endpoint::connect: close time.busy=706µs time.idle=26.3µs
2026-01-10T17:49:34.666239Z  INFO run_lifecycler:run_service_and_step_through_lifecycle:step_through_lifecycle:connect_capabilities:connect: grpc_utils::endpoint::connect: Connecting to gRPC service endpoint=Uds("/mnt/azureml/cr/j/4e9ecc8d8d904acb990e489b7ed3923d/.grpc/hosttools-capability:0") retry=FixedIntervalRetry { attempt_timeout_millis: 50, retry_delay_millis: 10, max_duration: 7200s }
2026-01-10T17:49:34.666895Z  INFO run_lifecycler:run_service_and_step_through_lifecycle:step_through_lifecycle:connect_capabilities:connect: grpc_utils::endpoint::connect: Successfully connected to gRPC service endpoint=Uds("/mnt/azureml/cr/j/4e9ecc8d8d904acb990e489b7ed3923d/.grpc/hosttools-capability:0")
2026-01-10T17:49:34.667070Z  INFO run_lifecycler:run_service_and_step_through_lifecycle:step_through_lifecycle:connect_capabilities:connect: grpc_utils::endpoint::connect: close time.busy=698µs time.idle=137µs
2026-01-10T17:49:34.667174Z  INFO run_lifecycler:run_service_and_step_through_lifecycle:step_through_lifecycle:connect_capabilities:wait_for_service_healthy: lifecycler::health_monitor: Waiting for service to become healthy: HOSTTOOLS_CAPABILITY service_name=HOSTTOOLS_CAPABILITY timeout=30s
2026-01-10T17:49:34.667238Z  WARN run_lifecycler:run_service_and_step_through_lifecycle:step_through_lifecycle:connect_capabilities:wait_for_service_healthy: grpc_utils::span: failed to inject span context to grpc request
2026-01-10T17:49:34.667928Z  INFO run_lifecycler:run_service_and_step_through_lifecycle:step_through_lifecycle:connect_capabilities:wait_for_service_healthy: lifecycler::health_client: Health status for service: HOSTTOOLS_CAPABILITY service_name=HOSTTOOLS_CAPABILITY health_status=1
2026-01-10T17:49:34.668088Z  INFO run_lifecycler:run_service_and_step_through_lifecycle:step_through_lifecycle:connect_capabilities:wait_for_service_healthy: lifecycler::health_monitor: Service has become healthy service_name=HOSTTOOLS_CAPABILITY
2026-01-10T17:49:34.668198Z  INFO run_lifecycler:run_service_and_step_through_lifecycle:step_through_lifecycle:connect_capabilities:wait_for_service_healthy: lifecycler::health_monitor: close time.busy=486µs time.idle=542µs
2026-01-10T17:49:34.668354Z  INFO run_lifecycler:run_service_and_step_through_lifecycle:step_through_lifecycle:connect_capabilities:connect: grpc_utils::endpoint::connect: Connecting to gRPC service endpoint=Uds("/mnt/azureml/cr/j/4e9ecc8d8d904acb990e489b7ed3923d/.grpc/metrics-capability:0") retry=FixedIntervalRetry { attempt_timeout_millis: 50, retry_delay_millis: 10, max_duration: 7200s }
2026-01-10T17:49:34.669176Z  INFO run_lifecycler:run_service_and_step_through_lifecycle:step_through_lifecycle:connect_capabilities:connect: grpc_utils::endpoint::connect: Successfully connected to gRPC service endpoint=Uds("/mnt/azureml/cr/j/4e9ecc8d8d904acb990e489b7ed3923d/.grpc/metrics-capability:0")
2026-01-10T17:49:34.669248Z  INFO run_lifecycler:run_service_and_step_through_lifecycle:step_through_lifecycle:connect_capabilities:connect: grpc_utils::endpoint::connect: close time.busy=893µs time.idle=4.00µs
2026-01-10T17:49:34.669474Z  INFO run_lifecycler:run_service_and_step_through_lifecycle:step_through_lifecycle:connect_capabilities:connect: grpc_utils::endpoint::connect: Connecting to gRPC service endpoint=Uds("/mnt/azureml/cr/j/4e9ecc8d8d904acb990e489b7ed3923d/.grpc/metrics-capability:0") retry=FixedIntervalRetry { attempt_timeout_millis: 50, retry_delay_millis: 10, max_duration: 7200s }
2026-01-10T17:49:34.670034Z  INFO run_lifecycler:run_service_and_step_through_lifecycle:step_through_lifecycle:connect_capabilities:connect: grpc_utils::endpoint::connect: Successfully connected to gRPC service endpoint=Uds("/mnt/azureml/cr/j/4e9ecc8d8d904acb990e489b7ed3923d/.grpc/metrics-capability:0")
2026-01-10T17:49:34.670207Z  INFO run_lifecycler:run_service_and_step_through_lifecycle:step_through_lifecycle:connect_capabilities:connect: grpc_utils::endpoint::connect: close time.busy=679µs time.idle=57.2µs
2026-01-10T17:49:34.670262Z  INFO run_lifecycler:run_service_and_step_through_lifecycle:step_through_lifecycle:connect_capabilities:wait_for_service_healthy: lifecycler::health_monitor: Waiting for service to become healthy: METRICS_CAPABILITY service_name=METRICS_CAPABILITY timeout=30s
2026-01-10T17:49:34.670315Z  WARN run_lifecycler:run_service_and_step_through_lifecycle:step_through_lifecycle:connect_capabilities:wait_for_service_healthy: grpc_utils::span: failed to inject span context to grpc request
2026-01-10T17:49:34.670983Z  INFO run_lifecycler:run_service_and_step_through_lifecycle:step_through_lifecycle:connect_capabilities:wait_for_service_healthy: lifecycler::health_client: Health status for service: METRICS_CAPABILITY service_name=METRICS_CAPABILITY health_status=1
2026-01-10T17:49:34.671078Z  INFO run_lifecycler:run_service_and_step_through_lifecycle:step_through_lifecycle:connect_capabilities:wait_for_service_healthy: lifecycler::health_monitor: Service has become healthy service_name=METRICS_CAPABILITY
2026-01-10T17:49:34.671266Z  INFO run_lifecycler:run_service_and_step_through_lifecycle:step_through_lifecycle:connect_capabilities:wait_for_service_healthy: lifecycler::health_monitor: close time.busy=422µs time.idle=586µs
2026-01-10T17:49:34.671403Z  INFO run_lifecycler:run_service_and_step_through_lifecycle:step_through_lifecycle:connect_capabilities:connect: grpc_utils::endpoint::connect: Connecting to gRPC service endpoint=Uds("/mnt/azureml/cr/j/4e9ecc8d8d904acb990e489b7ed3923d/.grpc/snapshot-capability:0") retry=FixedIntervalRetry { attempt_timeout_millis: 50, retry_delay_millis: 10, max_duration: 7200s }
2026-01-10T17:49:34.671759Z  INFO run_lifecycler:run_service_and_step_through_lifecycle:step_through_lifecycle:connect_capabilities:connect: grpc_utils::endpoint::connect: Successfully connected to gRPC service endpoint=Uds("/mnt/azureml/cr/j/4e9ecc8d8d904acb990e489b7ed3923d/.grpc/snapshot-capability:0")
2026-01-10T17:49:34.671885Z  INFO run_lifecycler:run_service_and_step_through_lifecycle:step_through_lifecycle:connect_capabilities:connect: grpc_utils::endpoint::connect: close time.busy=370µs time.idle=116µs
2026-01-10T17:49:34.672006Z  INFO run_lifecycler:run_service_and_step_through_lifecycle:step_through_lifecycle:connect_capabilities:connect: grpc_utils::endpoint::connect: Connecting to gRPC service endpoint=Uds("/mnt/azureml/cr/j/4e9ecc8d8d904acb990e489b7ed3923d/.grpc/snapshot-capability:0") retry=FixedIntervalRetry { attempt_timeout_millis: 50, retry_delay_millis: 10, max_duration: 7200s }
2026-01-10T17:49:34.672319Z  INFO run_lifecycler:run_service_and_step_through_lifecycle:step_through_lifecycle:connect_capabilities:connect: grpc_utils::endpoint::connect: Successfully connected to gRPC service endpoint=Uds("/mnt/azureml/cr/j/4e9ecc8d8d904acb990e489b7ed3923d/.grpc/snapshot-capability:0")
2026-01-10T17:49:34.672398Z  INFO run_lifecycler:run_service_and_step_through_lifecycle:step_through_lifecycle:connect_capabilities:connect: grpc_utils::endpoint::connect: close time.busy=293µs time.idle=103µs
2026-01-10T17:49:34.672487Z  INFO run_lifecycler:run_service_and_step_through_lifecycle:step_through_lifecycle:connect_capabilities:wait_for_service_healthy: lifecycler::health_monitor: Waiting for service to become healthy: SNAPSHOT_CAPABILITY service_name=SNAPSHOT_CAPABILITY timeout=30s
2026-01-10T17:49:34.672748Z  WARN run_lifecycler:run_service_and_step_through_lifecycle:step_through_lifecycle:connect_capabilities:wait_for_service_healthy: grpc_utils::span: failed to inject span context to grpc request
2026-01-10T17:49:34.673287Z  INFO run_lifecycler:run_service_and_step_through_lifecycle:step_through_lifecycle:connect_capabilities:wait_for_service_healthy: lifecycler::health_client: Health status for service: SNAPSHOT_CAPABILITY service_name=SNAPSHOT_CAPABILITY health_status=1
2026-01-10T17:49:34.673463Z  INFO run_lifecycler:run_service_and_step_through_lifecycle:step_through_lifecycle:connect_capabilities:wait_for_service_healthy: lifecycler::health_monitor: Service has become healthy service_name=SNAPSHOT_CAPABILITY
2026-01-10T17:49:34.673551Z  INFO run_lifecycler:run_service_and_step_through_lifecycle:step_through_lifecycle:connect_capabilities:wait_for_service_healthy: lifecycler::health_monitor: close time.busy=364µs time.idle=705µs
2026-01-10T17:49:34.673608Z  INFO run_lifecycler:run_service_and_step_through_lifecycle:step_through_lifecycle:connect_capabilities: lifecycler::lifecycle: close time.busy=131ms time.idle=20.1s
2026-01-10T17:49:34.673651Z  WARN run_lifecycler:run_service_and_step_through_lifecycle:step_through_lifecycle:start_capabilities:start{name="CS_CAPABILITY"}: grpc_utils::span: failed to inject span context to grpc request
2026-01-10T17:49:34.673680Z  WARN run_lifecycler:run_service_and_step_through_lifecycle:step_through_lifecycle:start_capabilities:start{name="HOSTTOOLS_CAPABILITY"}: grpc_utils::span: failed to inject span context to grpc request
2026-01-10T17:49:34.673703Z  WARN run_lifecycler:run_service_and_step_through_lifecycle:step_through_lifecycle:start_capabilities:start{name="METRICS_CAPABILITY"}: grpc_utils::span: failed to inject span context to grpc request
2026-01-10T17:49:34.673722Z  WARN run_lifecycler:run_service_and_step_through_lifecycle:step_through_lifecycle:start_capabilities:start{name="SNAPSHOT_CAPABILITY"}: grpc_utils::span: failed to inject span context to grpc request
2026-01-10T17:49:34.673918Z  WARN grpc_utils::span: failed to inject span context to grpc request
2026-01-10T17:49:34.674202Z  WARN grpc_utils::span: failed to inject span context to grpc request
2026-01-10T17:49:34.674744Z  WARN grpc_utils::span: failed to inject span context to grpc request
2026-01-10T17:49:34.675893Z  WARN grpc_utils::span: failed to inject span context to grpc request
2026-01-10T17:49:34.679893Z  INFO run_lifecycler:run_service_and_step_through_lifecycle:step_through_lifecycle:start_capabilities:start{name="HOSTTOOLS_CAPABILITY"}: lifecycler::capability_client: Received success code for start cap_name=HOSTTOOLS_CAPABILITY
2026-01-10T17:49:34.679943Z  INFO run_lifecycler:run_service_and_step_through_lifecycle:step_through_lifecycle:start_capabilities:start{name="HOSTTOOLS_CAPABILITY"}: lifecycler::capability_client: close time.busy=117µs time.idle=6.15ms
2026-01-10T17:49:34.680241Z  INFO run_lifecycler:run_service_and_step_through_lifecycle:step_through_lifecycle:start_capabilities:start{name="METRICS_CAPABILITY"}: lifecycler::capability_client: Received success code for start cap_name=METRICS_CAPABILITY
2026-01-10T17:49:34.680276Z  INFO run_lifecycler:run_service_and_step_through_lifecycle:step_through_lifecycle:start_capabilities:start{name="METRICS_CAPABILITY"}: lifecycler::capability_client: close time.busy=72.4µs time.idle=6.50ms
2026-01-10T17:49:34.746579Z  INFO run_lifecycler:run_service_and_step_through_lifecycle:step_through_lifecycle:start_capabilities:start{name="CS_CAPABILITY"}: lifecycler::capability_client: Received success code for start cap_name=CS_CAPABILITY
2026-01-10T17:49:34.747293Z  INFO run_lifecycler:run_service_and_step_through_lifecycle:step_through_lifecycle:start_capabilities:start{name="CS_CAPABILITY"}: lifecycler::capability_client: close time.busy=814µs time.idle=72.8ms
2026-01-10T17:49:35.371284Z  INFO run_lifecycler:run_service_and_step_through_lifecycle:step_through_lifecycle:start_capabilities:start{name="SNAPSHOT_CAPABILITY"}: lifecycler::capability_client: Received success code for start cap_name=SNAPSHOT_CAPABILITY
2026-01-10T17:49:35.371477Z  INFO run_lifecycler:run_service_and_step_through_lifecycle:step_through_lifecycle:start_capabilities:start{name="SNAPSHOT_CAPABILITY"}: lifecycler::capability_client: close time.busy=367µs time.idle=697ms
2026-01-10T17:49:35.371582Z  INFO run_lifecycler:run_service_and_step_through_lifecycle:step_through_lifecycle:start_capabilities: lifecycler::lifecycle: close time.busy=1.82ms time.idle=696ms
2026-01-10T17:49:35.371610Z  INFO run_lifecycler:run_service_and_step_through_lifecycle:step_through_lifecycle:exit_capabilities{cap_type=Operation job_result=JobResult { job_status: Succeeded, error: None }}: lifecycler::lifecycle: close time.busy=3.10µs time.idle=8.70µs
2026-01-10T17:49:35.371617Z  INFO run_lifecycler:run_service_and_step_through_lifecycle:step_through_lifecycle: lifecycler::lifecycle: exited operation caps: true
2026-01-10T17:49:35.371874Z  INFO run_lifecycler:run_service_and_step_through_lifecycle:step_through_lifecycle:connect_executor:connect:connect: grpc_utils::endpoint::connect: Connecting to gRPC service endpoint=Uds("/mnt/azureml/cr/j/4e9ecc8d8d904acb990e489b7ed3923d/.grpc/executor:0") retry=FixedIntervalRetry { attempt_timeout_millis: 50, retry_delay_millis: 10, max_duration: 7200s }
2026-01-10T17:50:05.262814Z  INFO run_lifecycler:run_service_and_step_through_lifecycle:step_through_lifecycle:connect_executor:connect:connect: grpc_utils::endpoint::connect: Successfully connected to gRPC service endpoint=Uds("/mnt/azureml/cr/j/4e9ecc8d8d904acb990e489b7ed3923d/.grpc/executor:0")
2026-01-10T17:50:05.262870Z  INFO run_lifecycler:run_service_and_step_through_lifecycle:step_through_lifecycle:connect_executor:connect:connect: grpc_utils::endpoint::connect: close time.busy=155ms time.idle=29.7s
2026-01-10T17:50:05.262907Z  INFO run_lifecycler:run_service_and_step_through_lifecycle:step_through_lifecycle:connect_executor:connect: lifecycler::executor_client: close time.busy=160ms time.idle=29.7s
2026-01-10T17:50:05.263012Z  INFO run_lifecycler:run_service_and_step_through_lifecycle:step_through_lifecycle:connect_executor:connect:connect: grpc_utils::endpoint::connect: Connecting to gRPC service endpoint=Uds("/mnt/azureml/cr/j/4e9ecc8d8d904acb990e489b7ed3923d/.grpc/executor:0") retry=FixedIntervalRetry { attempt_timeout_millis: 50, retry_delay_millis: 10, max_duration: 7200s }
2026-01-10T17:50:05.263265Z  INFO run_lifecycler:run_service_and_step_through_lifecycle:step_through_lifecycle:connect_executor:connect:connect: grpc_utils::endpoint::connect: Successfully connected to gRPC service endpoint=Uds("/mnt/azureml/cr/j/4e9ecc8d8d904acb990e489b7ed3923d/.grpc/executor:0")
2026-01-10T17:50:05.263300Z  INFO run_lifecycler:run_service_and_step_through_lifecycle:step_through_lifecycle:connect_executor:connect:connect: grpc_utils::endpoint::connect: close time.busy=134µs time.idle=157µs
2026-01-10T17:50:05.263390Z  INFO run_lifecycler:run_service_and_step_through_lifecycle:step_through_lifecycle:connect_executor:connect: lifecycler::executor_client: close time.busy=328µs time.idle=146µs
2026-01-10T17:50:05.263483Z  INFO run_lifecycler:run_service_and_step_through_lifecycle:step_through_lifecycle:connect_executor:connect: grpc_utils::endpoint::connect: Connecting to gRPC service endpoint=Uds("/mnt/azureml/cr/j/4e9ecc8d8d904acb990e489b7ed3923d/.grpc/executor:0") retry=FixedIntervalRetry { attempt_timeout_millis: 50, retry_delay_millis: 10, max_duration: 7200s }
2026-01-10T17:50:05.263700Z  INFO run_lifecycler:run_service_and_step_through_lifecycle:step_through_lifecycle:connect_executor:connect: grpc_utils::endpoint::connect: Successfully connected to gRPC service endpoint=Uds("/mnt/azureml/cr/j/4e9ecc8d8d904acb990e489b7ed3923d/.grpc/executor:0")
2026-01-10T17:50:05.263871Z  INFO run_lifecycler:run_service_and_step_through_lifecycle:step_through_lifecycle:connect_executor:connect: grpc_utils::endpoint::connect: close time.busy=316µs time.idle=75.4µs
2026-01-10T17:50:05.263891Z  INFO run_lifecycler:run_service_and_step_through_lifecycle:step_through_lifecycle:connect_executor:wait_for_service_healthy: lifecycler::health_monitor: Waiting for service to become healthy: Executor service_name=Executor timeout=30s
2026-01-10T17:50:05.264004Z  WARN run_lifecycler:run_service_and_step_through_lifecycle:step_through_lifecycle:connect_executor:wait_for_service_healthy: grpc_utils::span: failed to inject span context to grpc request
2026-01-10T17:50:05.265888Z  INFO run_lifecycler:run_service_and_step_through_lifecycle:step_through_lifecycle:connect_executor:wait_for_service_healthy: lifecycler::health_client: Health status for service: Executor service_name=Executor health_status=1
2026-01-10T17:50:05.265988Z  INFO run_lifecycler:run_service_and_step_through_lifecycle:step_through_lifecycle:connect_executor:wait_for_service_healthy: lifecycler::health_monitor: Service has become healthy service_name=Executor
2026-01-10T17:50:05.266078Z  INFO run_lifecycler:run_service_and_step_through_lifecycle:step_through_lifecycle:connect_executor:wait_for_service_healthy: lifecycler::health_monitor: close time.busy=444µs time.idle=1.75ms
2026-01-10T17:50:05.266099Z  INFO run_lifecycler:run_service_and_step_through_lifecycle:step_through_lifecycle:connect_executor: lifecycler::lifecycle: close time.busy=167ms time.idle=29.7s
2026-01-10T17:50:05.266116Z  INFO run_lifecycler:run_service_and_step_through_lifecycle:step_through_lifecycle:connect_lifecyclers{lifecycler_addresses=None}: lifecycler::lifecycle: close time.busy=1.40µs time.idle=4.50µs
2026-01-10T17:50:05.266152Z  INFO run_lifecycler:run_service_and_step_through_lifecycle:step_through_lifecycle:execute: lifecycler::lifecycle: entering phase rank=None phase=0 is_leader=true entered_phases=false
2026-01-10T17:50:05.266254Z  INFO run_lifecycler:run_service_and_step_through_lifecycle:step_through_lifecycle:execute:barrier_sync: lifecycler::lifecycle: close time.busy=800ns time.idle=2.30µs
2026-01-10T17:50:05.266348Z  INFO run_lifecycler:run_service_and_step_through_lifecycle:step_through_lifecycle:execute: lifecycler::lifecycle: Successfully got AzureML Context from environment, updating Run History with new run attempt
2026-01-10T17:50:05.266426Z  WARN run_lifecycler:run_service_and_step_through_lifecycle:step_through_lifecycle:execute: lifecycler::lifecycle: Skip updating run_attempt since cannot find AZUREML_CR_ENABLE_RUN_ATTEMPT_COUNT_BY_RUN_HISTORY from environment
2026-01-10T17:50:05.266506Z  INFO run_lifecycler:run_service_and_step_through_lifecycle:step_through_lifecycle:execute: lifecycler::lifecycle: starting phase execution rank=None phase=0
2026-01-10T17:50:05.266593Z  INFO run_lifecycler:run_service_and_step_through_lifecycle:step_through_lifecycle:execute: lifecycler::lifecycle: executing phase commands rank=None phase=0
2026-01-10T17:50:05.266672Z  INFO run_lifecycler:run_service_and_step_through_lifecycle:step_through_lifecycle:execute:executor_client::execute_commands{lifecycle_address="/mnt/azureml/cr/j/4e9ecc8d8d904acb990e489b7ed3923d/.grpc/lifecycler:0" scheduling=None debug_mode=Some(false)}: lifecycler::executor_client: Executing commands
2026-01-10T17:50:05.266733Z  WARN run_lifecycler:run_service_and_step_through_lifecycle:step_through_lifecycle:execute:executor_client::execute_commands{lifecycle_address="/mnt/azureml/cr/j/4e9ecc8d8d904acb990e489b7ed3923d/.grpc/lifecycler:0" scheduling=None debug_mode=Some(false)}:executor_client::start_execution{lifecycler_address="/mnt/azureml/cr/j/4e9ecc8d8d904acb990e489b7ed3923d/.grpc/lifecycler:0" debug_mode=Some(false) commands_f=Command(Command { executable: Shell { path: None, command: "python src/data_prep.py", success_return_code: Zero { additional_codes: [] } }, stderr: None, stdout: Some("user_logs/std_log.txt") }) path_mappings_f={}}: grpc_utils::span: failed to inject span context to grpc request
2026-01-10T17:50:05.266755Z  INFO run_lifecycler:run_service_and_step_through_lifecycle:step_through_lifecycle:execute:executor_client::execute_commands{lifecycle_address="/mnt/azureml/cr/j/4e9ecc8d8d904acb990e489b7ed3923d/.grpc/lifecycler:0" scheduling=None debug_mode=Some(false)}:executor_client::start_execution{lifecycler_address="/mnt/azureml/cr/j/4e9ecc8d8d904acb990e489b7ed3923d/.grpc/lifecycler:0" debug_mode=Some(false) commands_f=Command(Command { executable: Shell { path: None, command: "python src/data_prep.py", success_return_code: Zero { additional_codes: [] } }, stderr: None, stdout: Some("user_logs/std_log.txt") }) path_mappings_f={}}: lifecycler::executor_client: Starting execution execution_id=9870fa16-03b0-4c6f-bda8-ba399252a24d lifecycler_address=/mnt/azureml/cr/j/4e9ecc8d8d904acb990e489b7ed3923d/.grpc/lifecycler:0
2026-01-10T17:50:05.277564Z  INFO run_lifecycler:run_service_and_step_through_lifecycle:step_through_lifecycle:execute:executor_client::execute_commands{lifecycle_address="/mnt/azureml/cr/j/4e9ecc8d8d904acb990e489b7ed3923d/.grpc/lifecycler:0" scheduling=None debug_mode=Some(false)}:executor_client::start_execution{lifecycler_address="/mnt/azureml/cr/j/4e9ecc8d8d904acb990e489b7ed3923d/.grpc/lifecycler:0" debug_mode=Some(false) commands_f=Command(Command { executable: Shell { path: None, command: "python src/data_prep.py", success_return_code: Zero { additional_codes: [] } }, stderr: None, stdout: Some("user_logs/std_log.txt") }) path_mappings_f={}}: lifecycler::executor_client: close time.busy=131µs time.idle=10.7ms
2026-01-10T17:50:05.277591Z  INFO run_lifecycler:run_service_and_step_through_lifecycle:step_through_lifecycle:execute:executor_client::execute_commands{lifecycle_address="/mnt/azureml/cr/j/4e9ecc8d8d904acb990e489b7ed3923d/.grpc/lifecycler:0" scheduling=None debug_mode=Some(false)}: lifecycler::executor_client: Waiting for execution completion execution_id="9870fa16-03b0-4c6f-bda8-ba399252a24d"
2026-01-10T17:50:06.231668Z  INFO ExecutionCallbackServicer::complete_execution: grpc_utils::server: Got grpc request request_name="complete_execution" remote_addr=None
2026-01-10T17:50:06.231821Z  INFO ExecutionCallbackServicer::complete_execution: lifecycler::service: close time.busy=164µs time.idle=6.40µs
2026-01-10T17:50:06.231912Z  INFO run_lifecycler:run_service_and_step_through_lifecycle:step_through_lifecycle:execute:executor_client::execute_commands{lifecycle_address="/mnt/azureml/cr/j/4e9ecc8d8d904acb990e489b7ed3923d/.grpc/lifecycler:0" scheduling=None debug_mode=Some(false)}:executor_client::wait_for_execution_completion{execution_id="9870fa16-03b0-4c6f-bda8-ba399252a24d"}: lifecycler::executor_client: close time.busy=5.50µs time.idle=954ms
2026-01-10T17:50:06.231949Z  INFO run_lifecycler:run_service_and_step_through_lifecycle:step_through_lifecycle:execute:executor_client::execute_commands{lifecycle_address="/mnt/azureml/cr/j/4e9ecc8d8d904acb990e489b7ed3923d/.grpc/lifecycler:0" scheduling=None debug_mode=Some(false)}: lifecycler::executor_client: Execution completed execution_id="9870fa16-03b0-4c6f-bda8-ba399252a24d"
2026-01-10T17:50:06.231988Z  INFO run_lifecycler:run_service_and_step_through_lifecycle:step_through_lifecycle:execute:executor_client::execute_commands{lifecycle_address="/mnt/azureml/cr/j/4e9ecc8d8d904acb990e489b7ed3923d/.grpc/lifecycler:0" scheduling=None debug_mode=Some(false)}: lifecycler::executor_client: close time.busy=424µs time.idle=965ms
2026-01-10T17:50:06.232005Z  INFO run_lifecycler:run_service_and_step_through_lifecycle:step_through_lifecycle:execute: lifecycler::lifecycle: phase execution completed. rank=None phase=0
2026-01-10T17:50:06.232051Z  INFO run_lifecycler:run_service_and_step_through_lifecycle:step_through_lifecycle:execute: lifecycler::lifecycle: close time.busy=1.03ms time.idle=965ms
2026-01-10T17:50:06.232082Z  WARN run_lifecycler:run_service_and_step_through_lifecycle:step_through_lifecycle:end_service_capabilities:end{name="CS_CAPABILITY"}: grpc_utils::span: failed to inject span context to grpc request
2026-01-10T17:50:06.232121Z  WARN run_lifecycler:run_service_and_step_through_lifecycle:step_through_lifecycle:end_service_capabilities:end{name="HOSTTOOLS_CAPABILITY"}: grpc_utils::span: failed to inject span context to grpc request
2026-01-10T17:50:06.232140Z  WARN run_lifecycler:run_service_and_step_through_lifecycle:step_through_lifecycle:end_service_capabilities:end{name="METRICS_CAPABILITY"}: grpc_utils::span: failed to inject span context to grpc request
2026-01-10T17:50:06.232162Z  WARN run_lifecycler:run_service_and_step_through_lifecycle:step_through_lifecycle:end_service_capabilities:end{name="SNAPSHOT_CAPABILITY"}: grpc_utils::span: failed to inject span context to grpc request
2026-01-10T17:50:06.234196Z  INFO run_lifecycler:run_service_and_step_through_lifecycle:step_through_lifecycle:end_service_capabilities:end{name="SNAPSHOT_CAPABILITY"}: lifecycler::capability_client: Received success code for end cap_name=SNAPSHOT_CAPABILITY
2026-01-10T17:50:06.234467Z  INFO run_lifecycler:run_service_and_step_through_lifecycle:step_through_lifecycle:end_service_capabilities:end{name="SNAPSHOT_CAPABILITY"}: lifecycler::capability_client: close time.busy=316µs time.idle=1.99ms
2026-01-10T17:50:06.235281Z  INFO run_lifecycler:run_service_and_step_through_lifecycle:step_through_lifecycle:end_service_capabilities:end{name="METRICS_CAPABILITY"}: lifecycler::capability_client: Received success code for end cap_name=METRICS_CAPABILITY
2026-01-10T17:50:06.235315Z  INFO run_lifecycler:run_service_and_step_through_lifecycle:step_through_lifecycle:end_service_capabilities:end{name="METRICS_CAPABILITY"}: lifecycler::capability_client: close time.busy=144µs time.idle=3.03ms
